Setting up new user directory /i2p/.i2p
Created File /i2p/.i2p/eepsite
Created File /i2p/.i2p/eepsite/contexts
Copied File /i2p/eepsite/contexts/cgi-context.xml
Copied File /i2p/eepsite/contexts/base-context.xml
Copied File /i2p/eepsite/jetty-jmx.xml
Created File /i2p/.i2p/eepsite/webapps
Created File /i2p/.i2p/eepsite/docroot
Created File /i2p/.i2p/eepsite/docroot/help
Copied File /i2p/eepsite/docroot/help/index_pl.html
Copied File /i2p/eepsite/docroot/help/index_de.html
Copied File /i2p/eepsite/docroot/help/index_pt.html
Copied File /i2p/eepsite/docroot/help/index_hu.html
Copied File /i2p/eepsite/docroot/help/index_it.html
Copied File /i2p/eepsite/docroot/help/index_az.html
Copied File /i2p/eepsite/docroot/help/index_tr.html
Copied File /i2p/eepsite/docroot/help/index_in.html
Copied File /i2p/eepsite/docroot/help/index_es.html
Copied File /i2p/eepsite/docroot/help/index_zh.html
Copied File /i2p/eepsite/docroot/help/index_ro.html
Copied File /i2p/eepsite/docroot/help/index_fa.html
Copied File /i2p/eepsite/docroot/help/index.html
Copied File /i2p/eepsite/docroot/help/index_pt_BR.html
Copied File /i2p/eepsite/docroot/help/index_zh_TW.html
Copied File /i2p/eepsite/docroot/help/index_uk.html
Copied File /i2p/eepsite/docroot/help/index_ar.html
Copied File /i2p/eepsite/docroot/help/pagetemplate.html
Copied File /i2p/eepsite/docroot/help/index_cs.html
Copied File /i2p/eepsite/docroot/help/index_gan.html
Copied File /i2p/eepsite/docroot/help/index_ja.html
Copied File /i2p/eepsite/docroot/help/index_ru.html
Copied File /i2p/eepsite/docroot/help/index_nl.html
Copied File /i2p/eepsite/docroot/help/index_fr.html
Created File /i2p/.i2p/eepsite/docroot/help/lib
Copied File /i2p/eepsite/docroot/help/lib/ro.png
Copied File /i2p/eepsite/docroot/help/lib/tr.png
Copied File /i2p/eepsite/docroot/help/lib/ru.png
Copied File /i2p/eepsite/docroot/help/lib/eepsite.css
Copied File /i2p/eepsite/docroot/help/lib/pagebg.png
Created File /i2p/.i2p/eepsite/docroot/help/lib/resources
Copied File /i2p/eepsite/docroot/help/lib/resources/pdf.png
Copied File /i2p/eepsite/docroot/help/lib/resources/folder_32x32.png
Copied File /i2p/eepsite/docroot/help/lib/resources/flash.png
Copied File /i2p/eepsite/docroot/help/lib/resources/playlist.png
Copied File /i2p/eepsite/docroot/help/lib/resources/word.png
Copied File /i2p/eepsite/docroot/help/lib/resources/iso.png
Copied File /i2p/eepsite/docroot/help/lib/resources/image.png
Copied File /i2p/eepsite/docroot/help/lib/resources/zip.png
Copied File /i2p/eepsite/docroot/help/lib/resources/audio.png
Copied File /i2p/eepsite/docroot/help/lib/resources/folder_open.png
Copied File /i2p/eepsite/docroot/help/lib/resources/folder.png
Copied File /i2p/eepsite/docroot/help/lib/resources/video.png
Copied File /i2p/eepsite/docroot/help/lib/resources/file.png
Copied File /i2p/eepsite/docroot/help/lib/resources/text.png
Copied File /i2p/eepsite/docroot/help/lib/ua.png
Copied File /i2p/eepsite/docroot/help/lib/jetty-dir.css
Copied File /i2p/eepsite/docroot/help/lib/br.png
Copied File /i2p/eepsite/docroot/help/lib/nl.png
Copied File /i2p/eepsite/docroot/help/lib/cn.png
Copied File /i2p/eepsite/docroot/help/lib/brown.png
Copied File /i2p/eepsite/docroot/help/lib/es.png
Copied File /i2p/eepsite/docroot/help/lib/jp.png
Copied File /i2p/eepsite/docroot/help/lib/itoopie.png
Copied File /i2p/eepsite/docroot/help/lib/tw.png
Copied File /i2p/eepsite/docroot/help/lib/h2bg.png
Copied File /i2p/eepsite/docroot/help/lib/id.png
Copied File /i2p/eepsite/docroot/help/lib/fr.png
Copied File /i2p/eepsite/docroot/help/lib/hu.png
Copied File /i2p/eepsite/docroot/help/lib/cs.png
Copied File /i2p/eepsite/docroot/help/lib/de.png
Copied File /i2p/eepsite/docroot/help/lib/us.png
Copied File /i2p/eepsite/docroot/help/lib/ir.png
Copied File /i2p/eepsite/docroot/help/lib/pl.png
Copied File /i2p/eepsite/docroot/help/lib/eepsite_zh.css
Copied File /i2p/eepsite/docroot/help/lib/az.png
Copied File /i2p/eepsite/docroot/help/lib/lang_ar.png
Copied File /i2p/eepsite/docroot/help/lib/it.png
Copied File /i2p/eepsite/docroot/help/lib/se.png
Copied File /i2p/eepsite/docroot/help/lib/pt.png
Copied File /i2p/eepsite/docroot/help/lib/gr.png
Copied File /i2p/eepsite/docroot/help/index_el.html
Copied File /i2p/eepsite/docroot/help/index_sv.html
Copied File /i2p/eepsite/docroot/robots.txt
Copied File /i2p/eepsite/docroot/favicon.ico
Copied File /i2p/eepsite/docroot/index.html
Created File /i2p/.i2p/eepsite/logs
Copied File /i2p/eepsite/jetty.xml
Created File /i2p/.i2p/eepsite/cgi-bin
Created File /i2p/.i2p/eepsite/etc
Copied File /i2p/eepsite/etc/webdefault.xml
Copied File /i2p/eepsite/etc/realm.properties
Copied File /i2p/eepsite/jetty-rewrite.xml
Copied File /i2p/eepsite/jetty-ssl.xml
Copied File /i2p/hosts.txt
Copied File /i2p/i2psnark.config
Copied File /i2p/i2ptunnel.config
Copied File /i2p/router.config
Copied /i2p/eepsite/jetty.xml with modifications
Copied /i2p/eepsite/jetty.xml with modifications
Copied /i2p/eepsite/jetty-ssl.xml with modifications
Copied /i2p/eepsite/jetty-ssl.xml with modifications
Copied /i2p/eepsite/contexts/base-context.xml with modifications
Copied /i2p/eepsite/contexts/base-context.xml with modifications
Copied /i2p/eepsite/contexts/cgi-context.xml with modifications
Copied /i2p/eepsite/contexts/cgi-context.xml with modifications
Copied file /i2p/clients.config with modifications
Successfully copied data files to new user directory /i2p/.i2p
INFO: Native CPUID library libjcpuid-x86-linux.so loaded from resource
INFO: Loaded library: jar:file:/i2p/lib/jbigi.jar!/libjbigi-linux-zen2_64.so
INFO: Native BigInteger library libjbigi-linux-zen2_64.so loaded from resource
Reseed start
Reseeding from https://reseed.stormycloud.org/i2pseeds.su3?netid=2
INFO: 100 files extracted to /tmp/i2p-Uts8iDmV.tmp/reseeds-388516564
Reseed got 100 router infos from https://reseed.stormycloud.org/i2pseeds.su3?netid=2 with 0 errors
Reseeding from https://reseed.onion.im/i2pseeds.su3?netid=2
INFO: 77 files extracted to /tmp/i2p-Uts8iDmV.tmp/reseeds-1611377820
Reseed got 77 router infos from https://reseed.onion.im/i2pseeds.su3?netid=2 with 0 errors
Reseed successful, fetched 177 router infos
